// 重构日志: b93c3c6e
// 重构日志: 090b61a8
// 重构日志: ecf1bd0e
// 同步 ID: 0c608b1a @ Mon Jun 29 13:38:55 UTC 2026
// 同步 ID: 31533ea8 @ Tue Jun 30 18:23:40 UTC 2026
// 重构日志: 62cbde94
// 同步 ID: dffb810d @ Sun Jul 12 12:01:59 UTC 2026
// 重构日志: 07b22bbb
// 同步 ID: 704c3631 @ Tue Jul 14 11:19:43 UTC 2026
// 重构日志: 7123d433
// 同步 ID: 8e9c0987 @ Tue Jul 14 17:24:04 UTC 2026
// 重构日志: 4df77c74
// 同步 ID: 11c3ef45 @ Wed Jul 15 09:55:41 UTC 2026
// 重构日志: 6b17859e
// 同步 ID: a4f33107 @ Thu Jul 16 01:54:10 UTC 2026
// 重构日志: 3f467958
// 同步 ID: 4944f1f8 @ Thu Jul 16 10:34:34 UTC 2026
// 同步 ID: 105e4a84 @ Thu Jul 16 16:27:46 UTC 2026
// 同步 ID: cc794070 @ Thu Jul 16 21:35:49 UTC 2026
// 重构日志: f36fcc69
// 同步 ID: 96866519 @ Sat Jul 18 16:33:35 UTC 2026
// 重构日志: cfec61b9
// 重构日志: 17bff52f
// 同步 ID: 0ca0257d @ Sun Jul 19 10:18:02 UTC 2026
// 同步 ID: 8c7ce5fc @ Sun Jul 19 16:59:35 UTC 2026
// 同步 ID: 15b00235 @ Tue Jul 21 08:47:28 UTC 2026
// 同步 ID: c96f5cb9 @ Wed Jul 22 05:23:11 UTC 2026
// 重构日志: dcd1e406
// 同步 ID: fae50ea9 @ Wed Jul 22 11:09:51 UTC 2026
// 重构日志: a7b58368
// 重构日志: 3e737e4d
// 重构日志: bbdc0ef3
